# JRE version: Java(TM) SE Runtime Environment (17.0.3.1+2) (build 17.0.3.1+2-LTS-6)
# Java VM: Java HotSpot(TM) 64-Bit Server VM (17.0.3.1+2-LTS-6, mixed mode, emulated-client, sharing, tiered, compressed oops, compressed class ptrs, g1 gc, windows-amd64)
GC Precious Log:
 CPUs: 8 total, 8 available
 Memory: 16183M
 Large Page Support: Disabled
 NUMA Support: Disabled
 Compressed Oops: Enabled (Zero based)
 Heap Region Size: 2M
 Heap Min Capacity: 8M
 Heap Initial Capacity: 254M
 Heap Max Capacity: 4046M
 Pre-touch: Disabled
 Parallel Workers: 8
 Concurrent Workers: 2
 Concurrent Refinement Workers: 8
 Periodic GC: Disabled
Heap:
 garbage-first heap   total 157696K, used 97017K [0x0000000703200000, 0x0000000800000000)
  region size 2048K, 42 young (86016K), 1 survivors (2048K)
 Metaspace       used 33210K, committed 33664K, reserved 1081344K
  class space    used 4475K, committed 4672K, reserved 1048576K
GC Heap History (12 events):
Event: 0.466 GC heap before
{Heap before GC invocations=0 (full 0):
 garbage-first heap   total 260096K, used 20480K [0x0000000703200000, 0x0000000800000000)
  region size 2048K, 11 young (22528K), 0 survivors (0K)
 Metaspace       used 7870K, committed 8064K, reserved 1056768K
  class space    used 1003K, committed 1088K, reserved 1048576K
}
Event: 0.469 GC heap after
{Heap after GC invocations=1 (full 0):
 garbage-first heap   total 260096K, used 5425K [0x0000000703200000, 0x0000000800000000)
  region size 2048K, 2 young (4096K), 2 survivors (4096K)
 Metaspace       used 7870K, committed 8064K, reserved 1056768K
  class space    used 1003K, committed 1088K, reserved 1048576K
}
Event: 0.685 GC heap before
{Heap before GC invocations=1 (full 0):
 garbage-first heap   total 260096K, used 32049K [0x0000000703200000, 0x0000000800000000)
  region size 2048K, 15 young (30720K), 2 survivors (4096K)
 Metaspace       used 13473K, committed 13696K, reserved 1064960K
  class space    used 1770K, committed 1920K, reserved 1048576K
}
Event: 0.689 GC heap after
{Heap after GC invocations=2 (full 0):
 garbage-first heap   total 260096K, used 8080K [0x0000000703200000, 0x0000000800000000)
  region size 2048K, 2 young (4096K), 2 survivors (4096K)
 Metaspace       used 13473K, committed 13696K, reserved 1064960K
  class space    used 1770K, committed 1920K, reserved 1048576K
}
Event: 1.240 GC heap before
{Heap before GC invocations=2 (full 0):
 garbage-first heap   total 260096K, used 63376K [0x0000000703200000, 0x0000000800000000)
  region size 2048K, 30 young (61440K), 2 survivors (4096K)
 Metaspace       used 21141K, committed 21504K, reserved 1073152K
  class space    used 2924K, committed 3136K, reserved 1048576K
}
Event: 1.244 GC heap after
{Heap after GC invocations=3 (full 0):
 garbage-first heap   total 260096K, used 12310K [0x0000000703200000, 0x0000000800000000)
  region size 2048K, 4 young (8192K), 4 survivors (8192K)
 Metaspace       used 21141K, committed 21504K, reserved 1073152K
  class space    used 2924K, committed 3136K, reserved 1048576K
}
Event: 1.486 GC heap before
{Heap before GC invocations=4 (full 0):
 garbage-first heap   total 55296K, used 40982K [0x0000000703200000, 0x0000000800000000)
  region size 2048K, 19 young (38912K), 4 survivors (8192K)
 Metaspace       used 27045K, committed 27520K, reserved 1073152K
  class space    used 3672K, committed 3904K, reserved 1048576K
}
Event: 1.490 GC heap after
{Heap after GC invocations=5 (full 0):
 garbage-first heap   total 55296K, used 15047K [0x0000000703200000, 0x0000000800000000)
  region size 2048K, 5 young (10240K), 5 survivors (10240K)
 Metaspace       used 27045K, committed 27520K, reserved 1073152K
  class space    used 3672K, committed 3904K, reserved 1048576K
}
Event: 1.502 GC heap before
{Heap before GC invocations=5 (full 0):
 garbage-first heap   total 55296K, used 17095K [0x0000000703200000, 0x0000000800000000)
  region size 2048K, 6 young (12288K), 5 survivors (10240K)
 Metaspace       used 27375K, committed 27840K, reserved 1073152K
  class space    used 3711K, committed 3904K, reserved 1048576K
}
Event: 1.506 GC heap after
{Heap after GC invocations=6 (full 0):
 garbage-first heap   total 55296K, used 15674K [0x0000000703200000, 0x0000000800000000)
  region size 2048K, 1 young (2048K), 1 survivors (2048K)
 Metaspace       used 27375K, committed 27840K, reserved 1073152K
  class space    used 3711K, committed 3904K, reserved 1048576K
}
Event: 1.578 GC heap before
{Heap before GC invocations=6 (full 0):
 garbage-first heap   total 55296K, used 36154K [0x0000000703200000, 0x0000000800000000)
  region size 2048K, 12 young (24576K), 1 survivors (2048K)
 Metaspace       used 27971K, committed 28416K, reserved 1081344K
  class space    used 3804K, committed 4032K, reserved 1048576K
}
Event: 1.579 GC heap after
{Heap after GC invocations=7 (full 0):
 garbage-first heap   total 157696K, used 15097K [0x0000000703200000, 0x0000000800000000)
  region size 2048K, 1 young (2048K), 1 survivors (2048K)
 Metaspace       used 27971K, committed 28416K, reserved 1081344K
  class space    used 3804K, committed 4032K, reserved 1048576K
}

